C:\USERS\M\APPDATA\LOCAL\TEMP\PS3PPULD4282\LIB.ENT.O
C:\USERS\M\APPDATA\LOCAL\TEMP\PS3PPULD4282\PSP.RELA.O
C:\USERS\M\APPDATA\LOCAL\TEMP\PS3PPULD4282\STAYBOOGYUP
C:\USERS\M\APPDATA\LOCAL\TEMP\PS3PPULD44202\LIB.ENT.O
C:\USERS\M\APPDATA\LOCAL\TEMP\PS3PPULD44202\LIB.ENT.S
C:\USERS\M\APPDATA\LOCAL\TEMP\PS3PPULD44202\PSP.RELA.O
C:\USERS\M\APPDATA\LOCAL\TEMP\PS3PPULD44202\STAYBOOGYUP
C:\USERS\M\DESKTOP\GIT\STAYBOOGYUP_PS3-MW3-SOLO-SURVIVAL-HACKS\STAYBOOGYUP-SPRX\CELLPRX_STAYBOOGYUP_STUB.A
C:\Users\M\Desktop\GIT\stayboogyUP_PS3-MW3-Solo-Survival-Hacks\stayboogyUP-sprx\PS3_Debug\.command.1.tlog
C:\Users\M\Desktop\GIT\stayboogyUP_PS3-MW3-Solo-Survival-Hacks\stayboogyUP-sprx\PS3_Debug\cellPrx_stayboogyUP_stub.a
C:\USERS\M\DESKTOP\GIT\STAYBOOGYUP_PS3-MW3-SOLO-SURVIVAL-HACKS\STAYBOOGYUP-SPRX\PS3_DEBUG\PRX.O
C:\Users\M\Desktop\GIT\stayboogyUP_PS3-MW3-Solo-Survival-Hacks\stayboogyUP-sprx\PS3_Debug\ps3ppuld32.3068.read.1.tlog
C:\Users\M\Desktop\GIT\stayboogyUP_PS3-MW3-Solo-Survival-Hacks\stayboogyUP-sprx\PS3_Debug\ps3ppuld32.3068.write.1.tlog
C:\Users\M\Desktop\GIT\stayboogyUP_PS3-MW3-Solo-Survival-Hacks\stayboogyUP-sprx\PS3_Debug\ps3ppuld32.6772.read.1.tlog
C:\Users\M\Desktop\GIT\stayboogyUP_PS3-MW3-Solo-Survival-Hacks\stayboogyUP-sprx\PS3_Debug\ps3ppuld32.6772.write.1.tlog
C:\Users\M\Desktop\GIT\stayboogyUP_PS3-MW3-Solo-Survival-Hacks\stayboogyUP-sprx\PS3_Debug\ps3ppuld32.read.1.tlog
C:\Users\M\Desktop\GIT\stayboogyUP_PS3-MW3-Solo-Survival-Hacks\stayboogyUP-sprx\PS3_Debug\ps3ppuld32.write.1.tlog
C:\Users\M\Desktop\GIT\stayboogyUP_PS3-MW3-Solo-Survival-Hacks\stayboogyUP-sprx\PS3_Debug\ps3ppuld32-make_fself.read.1.tlog
C:\Users\M\Desktop\GIT\stayboogyUP_PS3-MW3-Solo-Survival-Hacks\stayboogyUP-sprx\PS3_Debug\ps3ppuld32-make_fself.write.1.tlog
C:\Users\M\Desktop\GIT\stayboogyUP_PS3-MW3-Solo-Survival-Hacks\stayboogyUP-sprx\PS3_Debug\ps3ppuld32-ppu-lv2-as.read.1.tlog
C:\Users\M\Desktop\GIT\stayboogyUP_PS3-MW3-Solo-Survival-Hacks\stayboogyUP-sprx\PS3_Debug\ps3ppuld32-ppu-lv2-as.write.1.tlog
C:\Users\M\Desktop\GIT\stayboogyUP_PS3-MW3-Solo-Survival-Hacks\stayboogyUP-sprx\PS3_Debug\ps3ppuld32-ppu-lv2-prx-fixup.read.1.tlog
C:\Users\M\Desktop\GIT\stayboogyUP_PS3-MW3-Solo-Survival-Hacks\stayboogyUP-sprx\PS3_Debug\ps3ppuld32-ppu-lv2-prx-fixup.write.1.tlog
C:\Users\M\Desktop\GIT\stayboogyUP_PS3-MW3-Solo-Survival-Hacks\stayboogyUP-sprx\PS3_Debug\ps3ppuld32-ppu-lv2-prx-libgen.read.1.tlog
C:\Users\M\Desktop\GIT\stayboogyUP_PS3-MW3-Solo-Survival-Hacks\stayboogyUP-sprx\PS3_Debug\ps3ppuld32-ppu-lv2-prx-libgen.write.1.tlog
C:\Users\M\Desktop\GIT\stayboogyUP_PS3-MW3-Solo-Survival-Hacks\stayboogyUP-sprx\PS3_Debug\ps3ppusnc.command.1.tlog
C:\Users\M\Desktop\GIT\stayboogyUP_PS3-MW3-Solo-Survival-Hacks\stayboogyUP-sprx\PS3_Debug\ps3ppusnc.read.1.tlog
C:\Users\M\Desktop\GIT\stayboogyUP_PS3-MW3-Solo-Survival-Hacks\stayboogyUP-sprx\PS3_Debug\ps3ppusnc.write.1.tlog
C:\USERS\M\DESKTOP\GIT\STAYBOOGYUP_PS3-MW3-SOLO-SURVIVAL-HACKS\STAYBOOGYUP-SPRX\PS3_DEBUG\STAYBOOGYUP.SPRX
C:\Users\M\Desktop\GIT\stayboogyUP_PS3-MW3-Solo-Survival-Hacks\stayboogyUP-sprx\PS3_Debug\stayboogyUP.write.1.tlog
